2024-12-14 02:27:11 error: [InvalidArgumentException] The seed class "UsersSeed" does not exist in /var/www/html/academia/aslafit/vendor/robmorgan/phinx/src/Phinx/Migration/Manager.php on line 620
Stack Trace:
- /var/www/html/academia/aslafit/vendor/robmorgan/phinx/src/Phinx/Console/Command/SeedRun.php:110
- /var/www/html/academia/aslafit/vendor/cakephp/migrations/src/Command/Phinx/CommandTrait.php:37
- /var/www/html/academia/aslafit/vendor/cakephp/migrations/src/Command/Phinx/Seed.php:76
- /var/www/html/academia/aslafit/vendor/symfony/console/Command/Command.php:298
- /var/www/html/academia/aslafit/vendor/symfony/console/Application.php:1040
- /var/www/html/academia/aslafit/vendor/symfony/console/Application.php:301
- /var/www/html/academia/aslafit/vendor/symfony/console/Application.php:171
- /var/www/html/academia/aslafit/vendor/cakephp/migrations/src/Command/MigrationsCommand.php:126
- /var/www/html/academia/aslafit/vendor/cakephp/cakephp/src/Console/BaseCommand.php:190
- /var/www/html/academia/aslafit/vendor/cakephp/migrations/src/Command/MigrationsCommand.php:198
- /var/www/html/academia/aslafit/vendor/cakephp/cakephp/src/Console/CommandRunner.php:334
- /var/www/html/academia/aslafit/vendor/cakephp/cakephp/src/Console/CommandRunner.php:172
- /var/www/html/academia/aslafit/bin/cake.php:12
- [main]:

2024-12-14 02:29:26 error: [PDOException] SQLSTATE[42S22]: Column not found: 1054 Unknown column 'created' in 'field list' in /var/www/html/academia/aslafit/vendor/robmorgan/phinx/src/Phinx/Db/Adapter/PdoAdapter.php on line 346
Stack Trace:
- /var/www/html/academia/aslafit/vendor/robmorgan/phinx/src/Phinx/Db/Adapter/PdoAdapter.php:346
- /var/www/html/academia/aslafit/vendor/robmorgan/phinx/src/Phinx/Db/Adapter/AdapterWrapper.php:181
- /var/www/html/academia/aslafit/vendor/robmorgan/phinx/src/Phinx/Db/Adapter/TimedOutputAdapter.php:102
- /var/www/html/academia/aslafit/vendor/robmorgan/phinx/src/Phinx/Db/Adapter/AdapterWrapper.php:181
- /var/www/html/academia/aslafit/vendor/robmorgan/phinx/src/Phinx/Db/Table.php:656
- /var/www/html/academia/aslafit/vendor/robmorgan/phinx/src/Phinx/Db/Table.php:628
- /var/www/html/academia/aslafit/vendor/robmorgan/phinx/src/Phinx/Db/Table.php:686
- /var/www/html/academia/aslafit/config/Seeds/UsersSeed.php:23
- /var/www/html/academia/aslafit/vendor/robmorgan/phinx/src/Phinx/Migration/Manager/Environment.php:146
- /var/www/html/academia/aslafit/vendor/robmorgan/phinx/src/Phinx/Migration/Manager.php:420
- /var/www/html/academia/aslafit/vendor/robmorgan/phinx/src/Phinx/Migration/Manager.php:618
- /var/www/html/academia/aslafit/vendor/robmorgan/phinx/src/Phinx/Console/Command/SeedRun.php:110
- /var/www/html/academia/aslafit/vendor/cakephp/migrations/src/Command/Phinx/CommandTrait.php:37
- /var/www/html/academia/aslafit/vendor/cakephp/migrations/src/Command/Phinx/Seed.php:76
- /var/www/html/academia/aslafit/vendor/symfony/console/Command/Command.php:298
- /var/www/html/academia/aslafit/vendor/symfony/console/Application.php:1040
- /var/www/html/academia/aslafit/vendor/symfony/console/Application.php:301
- /var/www/html/academia/aslafit/vendor/symfony/console/Application.php:171
- /var/www/html/academia/aslafit/vendor/cakephp/migrations/src/Command/MigrationsCommand.php:126
- /var/www/html/academia/aslafit/vendor/cakephp/cakephp/src/Console/BaseCommand.php:190
- /var/www/html/academia/aslafit/vendor/cakephp/migrations/src/Command/MigrationsCommand.php:198
- /var/www/html/academia/aslafit/vendor/cakephp/cakephp/src/Console/CommandRunner.php:334
- /var/www/html/academia/aslafit/vendor/cakephp/cakephp/src/Console/CommandRunner.php:172
- /var/www/html/academia/aslafit/bin/cake.php:12
- [main]:

2024-12-14 02:30:05 error: [PDOException] SQLSTATE[42S22]: Column not found: 1054 Unknown column 'created' in 'field list' in /var/www/html/academia/aslafit/vendor/robmorgan/phinx/src/Phinx/Db/Adapter/PdoAdapter.php on line 346
Stack Trace:
- /var/www/html/academia/aslafit/vendor/robmorgan/phinx/src/Phinx/Db/Adapter/PdoAdapter.php:346
- /var/www/html/academia/aslafit/vendor/robmorgan/phinx/src/Phinx/Db/Adapter/AdapterWrapper.php:181
- /var/www/html/academia/aslafit/vendor/robmorgan/phinx/src/Phinx/Db/Adapter/TimedOutputAdapter.php:102
- /var/www/html/academia/aslafit/vendor/robmorgan/phinx/src/Phinx/Db/Adapter/AdapterWrapper.php:181
- /var/www/html/academia/aslafit/vendor/robmorgan/phinx/src/Phinx/Db/Table.php:656
- /var/www/html/academia/aslafit/vendor/robmorgan/phinx/src/Phinx/Db/Table.php:628
- /var/www/html/academia/aslafit/vendor/robmorgan/phinx/src/Phinx/Db/Table.php:686
- /var/www/html/academia/aslafit/config/Seeds/UsersSeed.php:23
- /var/www/html/academia/aslafit/vendor/robmorgan/phinx/src/Phinx/Migration/Manager/Environment.php:146
- /var/www/html/academia/aslafit/vendor/robmorgan/phinx/src/Phinx/Migration/Manager.php:420
- /var/www/html/academia/aslafit/vendor/robmorgan/phinx/src/Phinx/Migration/Manager.php:618
- /var/www/html/academia/aslafit/vendor/robmorgan/phinx/src/Phinx/Console/Command/SeedRun.php:110
- /var/www/html/academia/aslafit/vendor/cakephp/migrations/src/Command/Phinx/CommandTrait.php:37
- /var/www/html/academia/aslafit/vendor/cakephp/migrations/src/Command/Phinx/Seed.php:76
- /var/www/html/academia/aslafit/vendor/symfony/console/Command/Command.php:298
- /var/www/html/academia/aslafit/vendor/symfony/console/Application.php:1040
- /var/www/html/academia/aslafit/vendor/symfony/console/Application.php:301
- /var/www/html/academia/aslafit/vendor/symfony/console/Application.php:171
- /var/www/html/academia/aslafit/vendor/cakephp/migrations/src/Command/MigrationsCommand.php:126
- /var/www/html/academia/aslafit/vendor/cakephp/cakephp/src/Console/BaseCommand.php:190
- /var/www/html/academia/aslafit/vendor/cakephp/migrations/src/Command/MigrationsCommand.php:198
- /var/www/html/academia/aslafit/vendor/cakephp/cakephp/src/Console/CommandRunner.php:334
- /var/www/html/academia/aslafit/vendor/cakephp/cakephp/src/Console/CommandRunner.php:172
- /var/www/html/academia/aslafit/bin/cake.php:12
- [main]:

2024-12-14 02:31:05 error: [PDOException] SQLSTATE[42S22]: Column not found: 1054 Unknown column 'created' in 'field list' in /var/www/html/academia/aslafit/vendor/robmorgan/phinx/src/Phinx/Db/Adapter/PdoAdapter.php on line 346
Stack Trace:
- /var/www/html/academia/aslafit/vendor/robmorgan/phinx/src/Phinx/Db/Adapter/PdoAdapter.php:346
- /var/www/html/academia/aslafit/vendor/robmorgan/phinx/src/Phinx/Db/Adapter/AdapterWrapper.php:181
- /var/www/html/academia/aslafit/vendor/robmorgan/phinx/src/Phinx/Db/Adapter/TimedOutputAdapter.php:102
- /var/www/html/academia/aslafit/vendor/robmorgan/phinx/src/Phinx/Db/Adapter/AdapterWrapper.php:181
- /var/www/html/academia/aslafit/vendor/robmorgan/phinx/src/Phinx/Db/Table.php:656
- /var/www/html/academia/aslafit/vendor/robmorgan/phinx/src/Phinx/Db/Table.php:628
- /var/www/html/academia/aslafit/vendor/robmorgan/phinx/src/Phinx/Db/Table.php:686
- /var/www/html/academia/aslafit/config/Seeds/UsersSeed.php:23
- /var/www/html/academia/aslafit/vendor/robmorgan/phinx/src/Phinx/Migration/Manager/Environment.php:146
- /var/www/html/academia/aslafit/vendor/robmorgan/phinx/src/Phinx/Migration/Manager.php:420
- /var/www/html/academia/aslafit/vendor/robmorgan/phinx/src/Phinx/Migration/Manager.php:618
- /var/www/html/academia/aslafit/vendor/robmorgan/phinx/src/Phinx/Console/Command/SeedRun.php:110
- /var/www/html/academia/aslafit/vendor/cakephp/migrations/src/Command/Phinx/CommandTrait.php:37
- /var/www/html/academia/aslafit/vendor/cakephp/migrations/src/Command/Phinx/Seed.php:76
- /var/www/html/academia/aslafit/vendor/symfony/console/Command/Command.php:298
- /var/www/html/academia/aslafit/vendor/symfony/console/Application.php:1040
- /var/www/html/academia/aslafit/vendor/symfony/console/Application.php:301
- /var/www/html/academia/aslafit/vendor/symfony/console/Application.php:171
- /var/www/html/academia/aslafit/vendor/cakephp/migrations/src/Command/MigrationsCommand.php:126
- /var/www/html/academia/aslafit/vendor/cakephp/cakephp/src/Console/BaseCommand.php:190
- /var/www/html/academia/aslafit/vendor/cakephp/migrations/src/Command/MigrationsCommand.php:198
- /var/www/html/academia/aslafit/vendor/cakephp/cakephp/src/Console/CommandRunner.php:334
- /var/www/html/academia/aslafit/vendor/cakephp/cakephp/src/Console/CommandRunner.php:172
- /var/www/html/academia/aslafit/bin/cake.php:12
- [main]:

2024-12-14 03:18:41 warning: require_once(/var/www/html/academia/aslafit/config/Seeds/UserSeed.php): Failed to open stream: No such file or directory
Trace:
/var/www/html/academia/aslafit/vendor/cakephp/migrations/src/AbstractSeed.php /var/www/html/academia/aslafit/vendor/cakephp/migrations/src/AbstractSeed.php, line 106
Migrations\AbstractSeed->runCall() /var/www/html/academia/aslafit/vendor/cakephp/migrations/src/AbstractSeed.php, line 53
Migrations\AbstractSeed->call() /var/www/html/academia/aslafit/config/Seeds/AllSeed.php, line 9
AllSeed->run() /var/www/html/academia/aslafit/vendor/robmorgan/phinx/src/Phinx/Migration/Manager/Environment.php, line 146
Phinx\Migration\Manager\Environment->executeSeed() /var/www/html/academia/aslafit/vendor/robmorgan/phinx/src/Phinx/Migration/Manager.php, line 420
Phinx\Migration\Manager->executeSeed() /var/www/html/academia/aslafit/vendor/robmorgan/phinx/src/Phinx/Migration/Manager.php, line 618
Phinx\Migration\Manager->seed() /var/www/html/academia/aslafit/vendor/robmorgan/phinx/src/Phinx/Console/Command/SeedRun.php, line 110
Phinx\Console\Command\SeedRun->execute() /var/www/html/academia/aslafit/vendor/cakephp/migrations/src/Command/Phinx/CommandTrait.php, line 37
Migrations\Command\Phinx\Seed->parentExecute() /var/www/html/academia/aslafit/vendor/cakephp/migrations/src/Command/Phinx/Seed.php, line 76
Migrations\Command\Phinx\Seed->execute() /var/www/html/academia/aslafit/vendor/symfony/console/Command/Command.php, line 298
Symfony\Component\Console\Command\Command->run() /var/www/html/academia/aslafit/vendor/symfony/console/Application.php, line 1040
Symfony\Component\Console\Application->doRunCommand() /var/www/html/academia/aslafit/vendor/symfony/console/Application.php, line 301
Symfony\Component\Console\Application->doRun() /var/www/html/academia/aslafit/vendor/symfony/console/Application.php, line 171
Symfony\Component\Console\Application->run() /var/www/html/academia/aslafit/vendor/cakephp/migrations/src/Command/MigrationsCommand.php, line 126
Migrations\Command\MigrationsCommand->execute() /var/www/html/academia/aslafit/vendor/cakephp/cakephp/src/Console/BaseCommand.php, line 190
Cake\Console\BaseCommand->run() /var/www/html/academia/aslafit/vendor/cakephp/migrations/src/Command/MigrationsCommand.php, line 198
Migrations\Command\MigrationsCommand->run() /var/www/html/academia/aslafit/vendor/cakephp/cakephp/src/Console/CommandRunner.php, line 334
Cake\Console\CommandRunner->runCommand() /var/www/html/academia/aslafit/vendor/cakephp/cakephp/src/Console/CommandRunner.php, line 172
Cake\Console\CommandRunner->run() /var/www/html/academia/aslafit/bin/cake.php, line 12
[main]

2024-12-14 03:18:41 error: [Error] Failed opening required '/var/www/html/academia/aslafit/config/Seeds/UserSeed.php' (include_path='.:/usr/share/php') in /var/www/html/academia/aslafit/vendor/cakephp/migrations/src/AbstractSeed.php on line 106
Stack Trace:
- /var/www/html/academia/aslafit/vendor/cakephp/migrations/src/AbstractSeed.php:53
- /var/www/html/academia/aslafit/config/Seeds/AllSeed.php:9
- /var/www/html/academia/aslafit/vendor/robmorgan/phinx/src/Phinx/Migration/Manager/Environment.php:146
- /var/www/html/academia/aslafit/vendor/robmorgan/phinx/src/Phinx/Migration/Manager.php:420
- /var/www/html/academia/aslafit/vendor/robmorgan/phinx/src/Phinx/Migration/Manager.php:618
- /var/www/html/academia/aslafit/vendor/robmorgan/phinx/src/Phinx/Console/Command/SeedRun.php:110
- /var/www/html/academia/aslafit/vendor/cakephp/migrations/src/Command/Phinx/CommandTrait.php:37
- /var/www/html/academia/aslafit/vendor/cakephp/migrations/src/Command/Phinx/Seed.php:76
- /var/www/html/academia/aslafit/vendor/symfony/console/Command/Command.php:298
- /var/www/html/academia/aslafit/vendor/symfony/console/Application.php:1040
- /var/www/html/academia/aslafit/vendor/symfony/console/Application.php:301
- /var/www/html/academia/aslafit/vendor/symfony/console/Application.php:171
- /var/www/html/academia/aslafit/vendor/cakephp/migrations/src/Command/MigrationsCommand.php:126
- /var/www/html/academia/aslafit/vendor/cakephp/cakephp/src/Console/BaseCommand.php:190
- /var/www/html/academia/aslafit/vendor/cakephp/migrations/src/Command/MigrationsCommand.php:198
- /var/www/html/academia/aslafit/vendor/cakephp/cakephp/src/Console/CommandRunner.php:334
- /var/www/html/academia/aslafit/vendor/cakephp/cakephp/src/Console/CommandRunner.php:172
- /var/www/html/academia/aslafit/bin/cake.php:12
- [main]:

2024-12-14 04:16:06 error: [PDOException] SQLSTATE[23000]: Integrity constraint violation: 1452 Cannot add or update a child row: a foreign key constraint fails (`aslafit`.`academy_config`, CONSTRAINT `academy_config_ibfk_1` FOREIGN KEY (`user_id`) REFERENCES `users` (`id`) ON DELETE CASCADE) in /var/www/html/academia/aslafit/vendor/robmorgan/phinx/src/Phinx/Db/Adapter/PdoAdapter.php on line 346
Stack Trace:
- /var/www/html/academia/aslafit/vendor/robmorgan/phinx/src/Phinx/Db/Adapter/PdoAdapter.php:346
- /var/www/html/academia/aslafit/vendor/robmorgan/phinx/src/Phinx/Db/Adapter/AdapterWrapper.php:181
- /var/www/html/academia/aslafit/vendor/robmorgan/phinx/src/Phinx/Db/Adapter/TimedOutputAdapter.php:102
- /var/www/html/academia/aslafit/vendor/robmorgan/phinx/src/Phinx/Db/Adapter/AdapterWrapper.php:181
- /var/www/html/academia/aslafit/vendor/robmorgan/phinx/src/Phinx/Db/Table.php:656
- /var/www/html/academia/aslafit/vendor/robmorgan/phinx/src/Phinx/Db/Table.php:628
- /var/www/html/academia/aslafit/vendor/robmorgan/phinx/src/Phinx/Db/Table.php:686
- /var/www/html/academia/aslafit/config/Seeds/AcademyConfigSeed.php:22
- /var/www/html/academia/aslafit/vendor/cakephp/migrations/src/AbstractSeed.php:112
- /var/www/html/academia/aslafit/vendor/cakephp/migrations/src/AbstractSeed.php:53
- /var/www/html/academia/aslafit/config/Seeds/AllSeed.php:8
- /var/www/html/academia/aslafit/vendor/robmorgan/phinx/src/Phinx/Migration/Manager/Environment.php:146
- /var/www/html/academia/aslafit/vendor/robmorgan/phinx/src/Phinx/Migration/Manager.php:420
- /var/www/html/academia/aslafit/vendor/robmorgan/phinx/src/Phinx/Migration/Manager.php:618
- /var/www/html/academia/aslafit/vendor/robmorgan/phinx/src/Phinx/Console/Command/SeedRun.php:110
- /var/www/html/academia/aslafit/vendor/cakephp/migrations/src/Command/Phinx/CommandTrait.php:37
- /var/www/html/academia/aslafit/vendor/cakephp/migrations/src/Command/Phinx/Seed.php:76
- /var/www/html/academia/aslafit/vendor/symfony/console/Command/Command.php:298
- /var/www/html/academia/aslafit/vendor/symfony/console/Application.php:1040
- /var/www/html/academia/aslafit/vendor/symfony/console/Application.php:301
- /var/www/html/academia/aslafit/vendor/symfony/console/Application.php:171
- /var/www/html/academia/aslafit/vendor/cakephp/migrations/src/Command/MigrationsCommand.php:126
- /var/www/html/academia/aslafit/vendor/cakephp/cakephp/src/Console/BaseCommand.php:190
- /var/www/html/academia/aslafit/vendor/cakephp/migrations/src/Command/MigrationsCommand.php:198
- /var/www/html/academia/aslafit/vendor/cakephp/cakephp/src/Console/CommandRunner.php:334
- /var/www/html/academia/aslafit/vendor/cakephp/cakephp/src/Console/CommandRunner.php:172
- /var/www/html/academia/aslafit/bin/cake.php:12
- [main]:

2024-12-15 15:31:52 error: [Twig\Error\SyntaxError] Unknown "trans" filter. in /var/www/html/academia/aslafit/vendor/cakephp/bake/templates/bake/Template/add.twig on line 5
Stack Trace:
- /var/www/html/academia/aslafit/vendor/twig/twig/src/ExpressionParser.php:596
- /var/www/html/academia/aslafit/vendor/twig/twig/src/ExpressionParser.php:581
- /var/www/html/academia/aslafit/vendor/twig/twig/src/ExpressionParser.php:443
- /var/www/html/academia/aslafit/vendor/twig/twig/src/ExpressionParser.php:291
- /var/www/html/academia/aslafit/vendor/twig/twig/src/ExpressionParser.php:177
- /var/www/html/academia/aslafit/vendor/twig/twig/src/ExpressionParser.php:72
- /var/www/html/academia/aslafit/vendor/twig/twig/src/Parser.php:131
- /var/www/html/academia/aslafit/vendor/twig/twig/src/Parser.php:84
- /var/www/html/academia/aslafit/vendor/twig/twig/src/Environment.php:523
- /var/www/html/academia/aslafit/vendor/twig/twig/src/Environment.php:551
- /var/www/html/academia/aslafit/vendor/twig/twig/src/Environment.php:381
- /var/www/html/academia/aslafit/vendor/twig/twig/src/Environment.php:343
- /var/www/html/academia/aslafit/vendor/cakephp/twig-view/src/View/TwigView.php:301
- /var/www/html/academia/aslafit/vendor/cakephp/cakephp/src/View/View.php:1179
- /var/www/html/academia/aslafit/vendor/cakephp/bake/src/View/BakeView.php:85
- /var/www/html/academia/aslafit/vendor/cakephp/bake/src/Utility/TemplateRenderer.php:101
- /var/www/html/academia/aslafit/vendor/cakephp/bake/src/Command/TemplateCommand.php:407
- /var/www/html/academia/aslafit/vendor/cakephp/bake/src/Command/TemplateCommand.php:149
- /var/www/html/academia/aslafit/vendor/cakephp/bake/src/Command/AllCommand.php:115
- /var/www/html/academia/aslafit/vendor/cakephp/cakephp/src/Console/BaseCommand.php:190
- /var/www/html/academia/aslafit/vendor/cakephp/cakephp/src/Console/CommandRunner.php:334
- /var/www/html/academia/aslafit/vendor/cakephp/cakephp/src/Console/CommandRunner.php:172
- /var/www/html/academia/aslafit/bin/cake.php:12
- [main]:

2024-12-15 15:35:17 error: [Twig\Error\SyntaxError] Unknown "trans" filter. in /var/www/html/academia/aslafit/vendor/cakephp/bake/templates/bake/Template/add.twig on line 5
Stack Trace:
- /var/www/html/academia/aslafit/vendor/twig/twig/src/ExpressionParser.php:596
- /var/www/html/academia/aslafit/vendor/twig/twig/src/ExpressionParser.php:581
- /var/www/html/academia/aslafit/vendor/twig/twig/src/ExpressionParser.php:443
- /var/www/html/academia/aslafit/vendor/twig/twig/src/ExpressionParser.php:291
- /var/www/html/academia/aslafit/vendor/twig/twig/src/ExpressionParser.php:177
- /var/www/html/academia/aslafit/vendor/twig/twig/src/ExpressionParser.php:72
- /var/www/html/academia/aslafit/vendor/twig/twig/src/Parser.php:131
- /var/www/html/academia/aslafit/vendor/twig/twig/src/Parser.php:84
- /var/www/html/academia/aslafit/vendor/twig/twig/src/Environment.php:523
- /var/www/html/academia/aslafit/vendor/twig/twig/src/Environment.php:551
- /var/www/html/academia/aslafit/vendor/twig/twig/src/Environment.php:381
- /var/www/html/academia/aslafit/vendor/twig/twig/src/Environment.php:343
- /var/www/html/academia/aslafit/vendor/cakephp/twig-view/src/View/TwigView.php:301
- /var/www/html/academia/aslafit/vendor/cakephp/cakephp/src/View/View.php:1179
- /var/www/html/academia/aslafit/vendor/cakephp/bake/src/View/BakeView.php:85
- /var/www/html/academia/aslafit/vendor/cakephp/bake/src/Utility/TemplateRenderer.php:101
- /var/www/html/academia/aslafit/vendor/cakephp/bake/src/Command/TemplateCommand.php:407
- /var/www/html/academia/aslafit/vendor/cakephp/bake/src/Command/TemplateCommand.php:149
- /var/www/html/academia/aslafit/vendor/cakephp/cakephp/src/Console/BaseCommand.php:190
- /var/www/html/academia/aslafit/vendor/cakephp/cakephp/src/Console/CommandRunner.php:334
- /var/www/html/academia/aslafit/vendor/cakephp/cakephp/src/Console/CommandRunner.php:172
- /var/www/html/academia/aslafit/bin/cake.php:12
- [main]:

2024-12-15 15:36:11 error: [Twig\Error\SyntaxError] Unknown "trans" filter. in /var/www/html/academia/aslafit/vendor/cakephp/bake/templates/bake/Template/add.twig on line 5
Stack Trace:
- /var/www/html/academia/aslafit/vendor/twig/twig/src/ExpressionParser.php:596
- /var/www/html/academia/aslafit/vendor/twig/twig/src/ExpressionParser.php:581
- /var/www/html/academia/aslafit/vendor/twig/twig/src/ExpressionParser.php:443
- /var/www/html/academia/aslafit/vendor/twig/twig/src/ExpressionParser.php:291
- /var/www/html/academia/aslafit/vendor/twig/twig/src/ExpressionParser.php:177
- /var/www/html/academia/aslafit/vendor/twig/twig/src/ExpressionParser.php:72
- /var/www/html/academia/aslafit/vendor/twig/twig/src/Parser.php:131
- /var/www/html/academia/aslafit/vendor/twig/twig/src/Parser.php:84
- /var/www/html/academia/aslafit/vendor/twig/twig/src/Environment.php:523
- /var/www/html/academia/aslafit/vendor/twig/twig/src/Environment.php:551
- /var/www/html/academia/aslafit/vendor/twig/twig/src/Environment.php:381
- /var/www/html/academia/aslafit/vendor/twig/twig/src/Environment.php:343
- /var/www/html/academia/aslafit/vendor/cakephp/twig-view/src/View/TwigView.php:301
- /var/www/html/academia/aslafit/vendor/cakephp/cakephp/src/View/View.php:1179
- /var/www/html/academia/aslafit/vendor/cakephp/bake/src/View/BakeView.php:85
- /var/www/html/academia/aslafit/vendor/cakephp/bake/src/Utility/TemplateRenderer.php:101
- /var/www/html/academia/aslafit/vendor/cakephp/bake/src/Command/TemplateCommand.php:407
- /var/www/html/academia/aslafit/vendor/cakephp/bake/src/Command/TemplateCommand.php:149
- /var/www/html/academia/aslafit/vendor/cakephp/cakephp/src/Console/BaseCommand.php:190
- /var/www/html/academia/aslafit/vendor/cakephp/cakephp/src/Console/CommandRunner.php:334
- /var/www/html/academia/aslafit/vendor/cakephp/cakephp/src/Console/CommandRunner.php:172
- /var/www/html/academia/aslafit/bin/cake.php:12
- [main]:

2024-12-15 15:36:30 error: [Twig\Error\SyntaxError] Unknown "trans" filter. in /var/www/html/academia/aslafit/vendor/cakephp/bake/templates/bake/Template/add.twig on line 5
Stack Trace:
- /var/www/html/academia/aslafit/vendor/twig/twig/src/ExpressionParser.php:596
- /var/www/html/academia/aslafit/vendor/twig/twig/src/ExpressionParser.php:581
- /var/www/html/academia/aslafit/vendor/twig/twig/src/ExpressionParser.php:443
- /var/www/html/academia/aslafit/vendor/twig/twig/src/ExpressionParser.php:291
- /var/www/html/academia/aslafit/vendor/twig/twig/src/ExpressionParser.php:177
- /var/www/html/academia/aslafit/vendor/twig/twig/src/ExpressionParser.php:72
- /var/www/html/academia/aslafit/vendor/twig/twig/src/Parser.php:131
- /var/www/html/academia/aslafit/vendor/twig/twig/src/Parser.php:84
- /var/www/html/academia/aslafit/vendor/twig/twig/src/Environment.php:523
- /var/www/html/academia/aslafit/vendor/twig/twig/src/Environment.php:551
- /var/www/html/academia/aslafit/vendor/twig/twig/src/Environment.php:381
- /var/www/html/academia/aslafit/vendor/twig/twig/src/Environment.php:343
- /var/www/html/academia/aslafit/vendor/cakephp/twig-view/src/View/TwigView.php:301
- /var/www/html/academia/aslafit/vendor/cakephp/cakephp/src/View/View.php:1179
- /var/www/html/academia/aslafit/vendor/cakephp/bake/src/View/BakeView.php:85
- /var/www/html/academia/aslafit/vendor/cakephp/bake/src/Utility/TemplateRenderer.php:101
- /var/www/html/academia/aslafit/vendor/cakephp/bake/src/Command/TemplateCommand.php:407
- /var/www/html/academia/aslafit/vendor/cakephp/bake/src/Command/TemplateCommand.php:149
- /var/www/html/academia/aslafit/vendor/cakephp/cakephp/src/Console/BaseCommand.php:190
- /var/www/html/academia/aslafit/vendor/cakephp/cakephp/src/Console/CommandRunner.php:334
- /var/www/html/academia/aslafit/vendor/cakephp/cakephp/src/Console/CommandRunner.php:172
- /var/www/html/academia/aslafit/bin/cake.php:12
- [main]:

2024-12-15 15:37:36 error: [Twig\Error\SyntaxError] Unknown "trans" filter. in /var/www/html/academia/aslafit/vendor/cakephp/bake/templates/bake/Template/add.twig on line 5
Stack Trace:
- /var/www/html/academia/aslafit/vendor/twig/twig/src/ExpressionParser.php:596
- /var/www/html/academia/aslafit/vendor/twig/twig/src/ExpressionParser.php:581
- /var/www/html/academia/aslafit/vendor/twig/twig/src/ExpressionParser.php:443
- /var/www/html/academia/aslafit/vendor/twig/twig/src/ExpressionParser.php:291
- /var/www/html/academia/aslafit/vendor/twig/twig/src/ExpressionParser.php:177
- /var/www/html/academia/aslafit/vendor/twig/twig/src/ExpressionParser.php:72
- /var/www/html/academia/aslafit/vendor/twig/twig/src/Parser.php:131
- /var/www/html/academia/aslafit/vendor/twig/twig/src/Parser.php:84
- /var/www/html/academia/aslafit/vendor/twig/twig/src/Environment.php:523
- /var/www/html/academia/aslafit/vendor/twig/twig/src/Environment.php:551
- /var/www/html/academia/aslafit/vendor/twig/twig/src/Environment.php:381
- /var/www/html/academia/aslafit/vendor/twig/twig/src/Environment.php:343
- /var/www/html/academia/aslafit/vendor/cakephp/twig-view/src/View/TwigView.php:301
- /var/www/html/academia/aslafit/vendor/cakephp/cakephp/src/View/View.php:1179
- /var/www/html/academia/aslafit/vendor/cakephp/bake/src/View/BakeView.php:85
- /var/www/html/academia/aslafit/vendor/cakephp/bake/src/Utility/TemplateRenderer.php:101
- /var/www/html/academia/aslafit/vendor/cakephp/bake/src/Command/TemplateCommand.php:407
- /var/www/html/academia/aslafit/vendor/cakephp/bake/src/Command/TemplateCommand.php:149
- /var/www/html/academia/aslafit/vendor/cakephp/cakephp/src/Console/BaseCommand.php:190
- /var/www/html/academia/aslafit/vendor/cakephp/cakephp/src/Console/CommandRunner.php:334
- /var/www/html/academia/aslafit/vendor/cakephp/cakephp/src/Console/CommandRunner.php:172
- /var/www/html/academia/aslafit/bin/cake.php:12
- [main]:

2024-12-15 15:38:22 error: [Twig\Error\SyntaxError] Unknown "trans" filter. in /var/www/html/academia/aslafit/vendor/cakephp/bake/templates/bake/Template/add.twig on line 5
Stack Trace:
- /var/www/html/academia/aslafit/vendor/twig/twig/src/ExpressionParser.php:596
- /var/www/html/academia/aslafit/vendor/twig/twig/src/ExpressionParser.php:581
- /var/www/html/academia/aslafit/vendor/twig/twig/src/ExpressionParser.php:443
- /var/www/html/academia/aslafit/vendor/twig/twig/src/ExpressionParser.php:291
- /var/www/html/academia/aslafit/vendor/twig/twig/src/ExpressionParser.php:177
- /var/www/html/academia/aslafit/vendor/twig/twig/src/ExpressionParser.php:72
- /var/www/html/academia/aslafit/vendor/twig/twig/src/Parser.php:131
- /var/www/html/academia/aslafit/vendor/twig/twig/src/Parser.php:84
- /var/www/html/academia/aslafit/vendor/twig/twig/src/Environment.php:523
- /var/www/html/academia/aslafit/vendor/twig/twig/src/Environment.php:551
- /var/www/html/academia/aslafit/vendor/twig/twig/src/Environment.php:381
- /var/www/html/academia/aslafit/vendor/twig/twig/src/Environment.php:343
- /var/www/html/academia/aslafit/vendor/cakephp/twig-view/src/View/TwigView.php:301
- /var/www/html/academia/aslafit/vendor/cakephp/cakephp/src/View/View.php:1179
- /var/www/html/academia/aslafit/vendor/cakephp/bake/src/View/BakeView.php:85
- /var/www/html/academia/aslafit/vendor/cakephp/bake/src/Utility/TemplateRenderer.php:101
- /var/www/html/academia/aslafit/vendor/cakephp/bake/src/Command/TemplateCommand.php:407
- /var/www/html/academia/aslafit/vendor/cakephp/bake/src/Command/TemplateCommand.php:149
- /var/www/html/academia/aslafit/vendor/cakephp/cakephp/src/Console/BaseCommand.php:190
- /var/www/html/academia/aslafit/vendor/cakephp/cakephp/src/Console/CommandRunner.php:334
- /var/www/html/academia/aslafit/vendor/cakephp/cakephp/src/Console/CommandRunner.php:172
- /var/www/html/academia/aslafit/bin/cake.php:12
- [main]:

2024-12-15 15:38:57 error: [Twig\Error\SyntaxError] Unknown "trans" filter. in /var/www/html/academia/aslafit/vendor/cakephp/bake/templates/bake/Template/add.twig on line 5
Stack Trace:
- /var/www/html/academia/aslafit/vendor/twig/twig/src/ExpressionParser.php:596
- /var/www/html/academia/aslafit/vendor/twig/twig/src/ExpressionParser.php:581
- /var/www/html/academia/aslafit/vendor/twig/twig/src/ExpressionParser.php:443
- /var/www/html/academia/aslafit/vendor/twig/twig/src/ExpressionParser.php:291
- /var/www/html/academia/aslafit/vendor/twig/twig/src/ExpressionParser.php:177
- /var/www/html/academia/aslafit/vendor/twig/twig/src/ExpressionParser.php:72
- /var/www/html/academia/aslafit/vendor/twig/twig/src/Parser.php:131
- /var/www/html/academia/aslafit/vendor/twig/twig/src/Parser.php:84
- /var/www/html/academia/aslafit/vendor/twig/twig/src/Environment.php:523
- /var/www/html/academia/aslafit/vendor/twig/twig/src/Environment.php:551
- /var/www/html/academia/aslafit/vendor/twig/twig/src/Environment.php:381
- /var/www/html/academia/aslafit/vendor/twig/twig/src/Environment.php:343
- /var/www/html/academia/aslafit/vendor/cakephp/twig-view/src/View/TwigView.php:301
- /var/www/html/academia/aslafit/vendor/cakephp/cakephp/src/View/View.php:1179
- /var/www/html/academia/aslafit/vendor/cakephp/bake/src/View/BakeView.php:85
- /var/www/html/academia/aslafit/vendor/cakephp/bake/src/Utility/TemplateRenderer.php:101
- /var/www/html/academia/aslafit/vendor/cakephp/bake/src/Command/TemplateCommand.php:407
- /var/www/html/academia/aslafit/vendor/cakephp/bake/src/Command/TemplateCommand.php:149
- /var/www/html/academia/aslafit/vendor/cakephp/cakephp/src/Console/BaseCommand.php:190
- /var/www/html/academia/aslafit/vendor/cakephp/cakephp/src/Console/CommandRunner.php:334
- /var/www/html/academia/aslafit/vendor/cakephp/cakephp/src/Console/CommandRunner.php:172
- /var/www/html/academia/aslafit/bin/cake.php:12
- [main]:

